#
# There is insufficient memory for the Java Runtime Environment to continue.
# Native memory allocation (malloc) failed to allocate 591376 bytes for Chunk::new
# Possible reasons:
#   The system is out of physical RAM or swap space
#   The process is running with CompressedOops enabled, and the Java Heap may be blocking the growth of the native heap
# Possible solutions:
#   Reduce memory load on the system
#   Increase physical memory or swap space
#   Check if swap backing store is full
#   Decrease Java heap size (-Xmx/-Xms)
#   Decrease number of Java threads
#   Decrease Java thread stack sizes (-Xss)
#   Set larger code cache with -XX:ReservedCodeCacheSize=
#   JVM is running with Unscaled Compressed Oops mode in which the Java heap is
#     placed in the first 4GB address space. The Java Heap base address is the
#     maximum limit for the native heap growth. Please use -XX:HeapBaseMinAddress
#     to set the Java Heap base and to place the Java Heap above 4GB virtual address.
# This output file may be truncated or incomplete.
#
#  Out of Memory Error (arena.cpp:191), pid=1160, tid=12012
#
# JRE version: OpenJDK Runtime Environment (17.0.10) (build 17.0.10+0--11609105)
# Java VM: OpenJDK 64-Bit Server VM (17.0.10+0--11609105, mixed mode, tiered, compressed oops, compressed class ptrs, g1 gc, windows-amd64)
# No core dump will be written. Minidumps are not enabled by default on client versions of Windows
#

---------------  S U M M A R Y ------------

Command Line: -Djava.awt.headless=true -Djava.library.path=C:\Program Files\Android\Android Studio\jbr\bin;C:\windows\Sun\Java\bin;C:\windows\system32;C:\windows;C:\Program Files (x86)\Common Files\Oracle\Java\java8path;C:\Program Files (x86)\Common Files\Oracle\Java\javapath;C:\Program Files (x86)\VMware\VMware Player\bin\;C:\Program Files\Eclipse Adoptium\jdk-17.0.11.9-hotspot\bin;C:\Program Files\Eclipse Adoptium\jdk-11.0.23.9-hotspot\bin;C:\Program Files\Eclipse Adoptium\jdk-21.0.3.9-hotspot\bin;C:\Program Files (x86)\Common Files\Intel\Shared Libraries\redist\intel64\compiler;C:\windows\system32;C:\windows;C:\windows\System32\Wbem;C:\windows\System32\WindowsPowerShell\v1.0\;C:\windows\System32\OpenSSH\;C:\Program Files\Microsoft SQL Server\120\Tools\Binn\;C:\Program Files\Microsoft SQL Server\Client SDK\ODBC\110\Tools\Binn\;C:\Program Files (x86)\Microsoft SQL Server\120\Tools\Binn\;C:\Program Files\Microsoft SQL Server\120\DTS\Binn\;C:\Program Files\nodejs\;C:\Program Files\Microsoft SQL Server\150\Tools\Binn\;C:\Program Files\dotnet\;C:\Program Files\PuTTY\;C:\Program Files\HP\HP One Agent;C:\Program Files\Android\Android Studio\jbr\bin;C:\Program Files\Docker\Docker\resources\bin;C:\Program Files\Git\cmd;C:\Users\gijs\AppData\Local\Android\Sdk\platform-tools;C:\Program Files\MySQL\MySQL Shell 8.0\bin\;C:\Users\gijs\AppData\Local\Microsoft\WindowsApps;C:\Users\gijs\AppData\Roaming\npm;C:\Users\gijs\AppData\Local\Programs\Python\Python39\Scripts;C:\Users\gijs\.dotnet\tools;C:\Program Files\PostgreSQL\15\scripts;C:\Program Files (x86)\Nmap;C:\Users\gijs\AppData\Local\Programs\Python\Python312\Scripts;C:\Users\gijs\AppData\Local\Programs\Python\Python39;C:\Users\gijs\AppData\Roaming\pypoetry\venv\Scripts;;.;C:\Users\gijs\Documents\RRHE\RRHE_Android_App\app\src\testDebug\jniLibs;C:\Users\gijs\Documents\RRHE\RRHE_Android_App\app\src\test\jniLibs -Dorg.gradle.internal.worker.tmpdir=C:\Users\gijs\Documents\RRHE\RRHE_Android_App\app\build\tmp\testDebugUnitTest\work -Dorg.gradle.native=false -Xmx512m -Dfile.encoding=UTF-8 -Duser.country=US -Duser.language=en -Duser.variant -ea worker.org.gradle.process.internal.worker.GradleWorkerMain 'Gradle Test Executor 3'

Host: 11th Gen Intel(R) Core(TM) i5-1135G7 @ 2.40GHz, 8 cores, 7G,  Windows 10 , 64 bit Build 19041 (10.0.19041.4717)
Time: Sun Aug 25 13:03:14 2024 SE Asia Standard Time elapsed time: 3.207844 seconds (0d 0h 0m 3s)

---------------  T H R E A D  ---------------

Current thread (0x000001f302d256f0):  JavaThread "C2 CompilerThread0" daemon [_thread_in_native, id=12012, stack(0x0000003a96900000,0x0000003a96a00000)]


Current CompileTask:
C2:   3207 1116  s!   4       jdk.internal.loader.URLClassPath::getLoader (194 bytes)

Stack: [0x0000003a96900000,0x0000003a96a00000]
Native frames: (J=compiled Java code, j=interpreted, Vv=VM code, C=native code)
V  [jvm.dll+0x688de9]
V  [jvm.dll+0x8423da]
V  [jvm.dll+0x84401e]
V  [jvm.dll+0x844683]
V  [jvm.dll+0x24be0f]
V  [jvm.dll+0xac524]
V  [jvm.dll+0xacb6c]
V  [jvm.dll+0x36bd67]
V  [jvm.dll+0x1be002]
V  [jvm.dll+0x21dbf9]
V  [jvm.dll+0x21cec1]
V  [jvm.dll+0x1a60ad]
V  [jvm.dll+0x22cd78]
V  [jvm.dll+0x22aeb0]
V  [jvm.dll+0x7f6877]
V  [jvm.dll+0x7f0c7a]
V  [jvm.dll+0x687c65]
C  [ucrtbase.dll+0x21bb2]
C  [KERNEL32.DLL+0x17374]
C  [ntdll.dll+0x4cc91]


---------------  P R O C E S S  ---------------

Threads class SMR info:
_java_thread_list=0x000001f307b60270, length=15, elements={
0x000001f36c76f510, 0x000001f302d0c610, 0x000001f302d111e0, 0x000001f302cf6f00,
0x000001f302cf7ac0, 0x000001f302cf8480, 0x000001f302cf95e0, 0x000001f302d256f0,
0x000001f302d267a0, 0x000001f302d288c0, 0x000001f3072d4130, 0x000001f3072eb7e0,
0x000001f3077e3040, 0x000001f307aa3040, 0x000001f307b04d50
}

Java Threads: ( => current thread )
  0x000001f36c76f510 JavaThread "Test worker" [_thread_blocked, id=7188, stack(0x0000003a95c00000,0x0000003a95d00000)]
  0x000001f302d0c610 JavaThread "Reference Handler" daemon [_thread_blocked, id=13680, stack(0x0000003a96300000,0x0000003a96400000)]
  0x000001f302d111e0 JavaThread "Finalizer" daemon [_thread_blocked, id=16308, stack(0x0000003a96400000,0x0000003a96500000)]
  0x000001f302cf6f00 JavaThread "Signal Dispatcher" daemon [_thread_blocked, id=5584, stack(0x0000003a96500000,0x0000003a96600000)]
  0x000001f302cf7ac0 JavaThread "Attach Listener" daemon [_thread_blocked, id=16600, stack(0x0000003a96600000,0x0000003a96700000)]
  0x000001f302cf8480 JavaThread "Service Thread" daemon [_thread_blocked, id=15008, stack(0x0000003a96700000,0x0000003a96800000)]
  0x000001f302cf95e0 JavaThread "Monitor Deflation Thread" daemon [_thread_blocked, id=13732, stack(0x0000003a96800000,0x0000003a96900000)]
=>0x000001f302d256f0 JavaThread "C2 CompilerThread0" daemon [_thread_in_native, id=12012, stack(0x0000003a96900000,0x0000003a96a00000)]
  0x000001f302d267a0 JavaThread "C1 CompilerThread0" daemon [_thread_blocked, id=1724, stack(0x0000003a96a00000,0x0000003a96b00000)]
  0x000001f302d288c0 JavaThread "Sweeper thread" daemon [_thread_blocked, id=9004, stack(0x0000003a96b00000,0x0000003a96c00000)]
  0x000001f3072d4130 JavaThread "Notification Thread" daemon [_thread_blocked, id=12532, stack(0x0000003a96c00000,0x0000003a96d00000)]
  0x000001f3072eb7e0 JavaThread "Common-Cleaner" daemon [_thread_blocked, id=17360, stack(0x0000003a96e00000,0x0000003a96f00000)]
  0x000001f3077e3040 JavaThread "/127.0.0.1:45352 to /127.0.0.1:45320 workers" [_thread_blocked, id=15932, stack(0x0000003a97000000,0x0000003a97100000)]
  0x000001f307aa3040 JavaThread "/127.0.0.1:45352 to /127.0.0.1:45320 workers Thread 3" [_thread_in_native, id=18240, stack(0x0000003a97200000,0x0000003a97300000)]
  0x000001f307b04d50 JavaThread "C2 CompilerThread1" daemon [_thread_blocked, id=10408, stack(0x0000003a97c00000,0x0000003a97d00000)]

Other Threads:
  0x000001f302ce9c60 VMThread "VM Thread" [stack: 0x0000003a96200000,0x0000003a96300000] [id=16224]
  0x000001f3072d4a20 WatcherThread [stack: 0x0000003a96d00000,0x0000003a96e00000] [id=6736]
  0x000001f36c79ce90 GCTaskThread "GC Thread#0" [stack: 0x0000003a95d00000,0x0000003a95e00000] [id=9772]
  0x000001f307b783d0 GCTaskThread "GC Thread#1" [stack: 0x0000003a97300000,0x0000003a97400000] [id=12752]
  0x000001f30729da90 GCTaskThread "GC Thread#2" [stack: 0x0000003a97400000,0x0000003a97500000] [id=6228]
  0x000001f307a793f0 GCTaskThread "GC Thread#3" [stack: 0x0000003a97500000,0x0000003a97600000] [id=16368]
  0x000001f30790ba80 GCTaskThread "GC Thread#4" [stack: 0x0000003a97600000,0x0000003a97700000] [id=17176]
  0x000001f307b5f2e0 GCTaskThread "GC Thread#5" [stack: 0x0000003a97700000,0x0000003a97800000] [id=4256]
  0x000001f307b5f5a0 GCTaskThread "GC Thread#6" [stack: 0x0000003a97800000,0x0000003a97900000] [id=15184]
  0x000001f307b5f860 GCTaskThread "GC Thread#7" [stack: 0x0000003a97900000,0x0000003a97a00000] [id=2764]
  0x000001f36c7a1de0 ConcurrentGCThread "G1 Main Marker" [stack: 0x0000003a95e00000,0x0000003a95f00000] [id=3688]
  0x000001f36c7a2800 ConcurrentGCThread "G1 Conc#0" [stack: 0x0000003a95f00000,0x0000003a96000000] [id=4064]
  0x000001f36c809690 ConcurrentGCThread "G1 Refine#0" [stack: 0x0000003a96000000,0x0000003a96100000] [id=15404]
  0x000001f307b060b0 ConcurrentGCThread "G1 Refine#1" [stack: 0x0000003a97a00000,0x0000003a97b00000] [id=10184]
  0x000001f307b047d0 ConcurrentGCThread "G1 Refine#2" [stack: 0x0000003a97b00000,0x0000003a97c00000] [id=13508]
  0x000001f302b50200 ConcurrentGCThread "G1 Service" [stack: 0x0000003a96100000,0x0000003a96200000] [id=11248]

Threads with active compile tasks:
C2 CompilerThread0     3223 1116  s!   4       jdk.internal.loader.URLClassPath::getLoader (194 bytes)

VM state: not at safepoint (normal execution)

VM Mutex/Monitor currently owned by a thread: None

Heap address: 0x00000000e0000000, size: 512 MB, Compressed Oops mode: 32-bit

CDS archive(s) not mapped
Compressed class space mapped at: 0x0000000100000000-0x0000000140000000, reserved size: 1073741824
Narrow klass base: 0x0000000000000000, Narrow klass shift: 3, Narrow klass range: 0x140000000

GC Precious Log:
 CPUs: 8 total, 8 available
 Memory: 7834M
 Large Page Support: Disabled
 NUMA Support: Disabled
 Compressed Oops: Enabled (32-bit)
 Heap Region Size: 1M
 Heap Min Capacity: 8M
 Heap Initial Capacity: 124M
 Heap Max Capacity: 512M
 Pre-touch: Disabled
 Parallel Workers: 8
 Concurrent Workers: 2
 Concurrent Refinement Workers: 8
 Periodic GC: Disabled

Heap:
 garbage-first heap   total 126976K, used 14780K [0x00000000e0000000, 0x0000000100000000)
  region size 1024K, 5 young (5120K), 3 survivors (3072K)
 Metaspace       used 14909K, committed 15104K, reserved 1114112K
  class space    used 1621K, committed 1728K, reserved 1048576K

Heap Regions: E=young(eden), S=young(survivor), O=old, HS=humongous(starts), HC=humongous(continues), CS=collection set, F=free, OA=open archive, CA=closed archive, TAMS=top-at-mark-start (previous, next)
|   0|0x00000000e0000000, 0x00000000e0100000, 0x00000000e0100000|100%|HS|  |TAMS 0x00000000e0000000, 0x00000000e0000000| Complete 
|   1|0x00000000e0100000, 0x00000000e0200000, 0x00000000e0200000|100%|HC|  |TAMS 0x00000000e0100000, 0x00000000e0100000| Complete 
|   2|0x00000000e0200000, 0x00000000e0300000, 0x00000000e0300000|100%|HS|  |TAMS 0x00000000e0200000, 0x00000000e0200000| Complete 
|   3|0x00000000e0300000, 0x00000000e0400000, 0x00000000e0400000|100%|HC|  |TAMS 0x00000000e0300000, 0x00000000e0300000| Complete 
|   4|0x00000000e0400000, 0x00000000e0500000, 0x00000000e0500000|100%| O|  |TAMS 0x00000000e0400000, 0x00000000e0400000| Untracked 
|   5|0x00000000e0500000, 0x00000000e0600000, 0x00000000e0600000|100%| O|  |TAMS 0x00000000e0500000, 0x00000000e0500000| Untracked 
|   6|0x00000000e0600000, 0x00000000e0700000, 0x00000000e0700000|100%| O|  |TAMS 0x00000000e0600000, 0x00000000e0600000| Untracked 
|   7|0x00000000e0700000, 0x00000000e0800000, 0x00000000e0800000|100%| O|  |TAMS 0x00000000e0700000, 0x00000000e0700000| Untracked 
|   8|0x00000000e0800000, 0x00000000e0900000, 0x00000000e0900000|100%| O|  |TAMS 0x00000000e0800000, 0x00000000e0800000| Untracked 
|   9|0x00000000e0900000, 0x00000000e0a00000, 0x00000000e0a00000|100%| O|  |TAMS 0x00000000e0900000, 0x00000000e0900000| Untracked 
|  10|0x00000000e0a00000, 0x00000000e0a6f000, 0x00000000e0b00000| 43%| O|  |TAMS 0x00000000e0a00000, 0x00000000e0a00000| Untracked 
|  11|0x00000000e0b00000, 0x00000000e0b00000, 0x00000000e0c00000|  0%| F|  |TAMS 0x00000000e0b00000, 0x00000000e0b00000| Untracked 
|  12|0x00000000e0c00000, 0x00000000e0c00000, 0x00000000e0d00000|  0%| F|  |TAMS 0x00000000e0c00000, 0x00000000e0c00000| Untracked 
|  13|0x00000000e0d00000, 0x00000000e0d00000, 0x00000000e0e00000|  0%| F|  |TAMS 0x00000000e0d00000, 0x00000000e0d00000| Untracked 
|  14|0x00000000e0e00000, 0x00000000e0e00000, 0x00000000e0f00000|  0%| F|  |TAMS 0x00000000e0e00000, 0x00000000e0e00000| Untracked 
|  15|0x00000000e0f00000, 0x00000000e0f00000, 0x00000000e1000000|  0%| F|  |TAMS 0x00000000e0f00000, 0x00000000e0f00000| Untracked 
|  16|0x00000000e1000000, 0x00000000e1000000, 0x00000000e1100000|  0%| F|  |TAMS 0x00000000e1000000, 0x00000000e1000000| Untracked 
|  17|0x00000000e1100000, 0x00000000e1100000, 0x00000000e1200000|  0%| F|  |TAMS 0x00000000e1100000, 0x00000000e1100000| Untracked 
|  18|0x00000000e1200000, 0x00000000e1200000, 0x00000000e1300000|  0%| F|  |TAMS 0x00000000e1200000, 0x00000000e1200000| Untracked 
|  19|0x00000000e1300000, 0x00000000e1300000, 0x00000000e1400000|  0%| F|  |TAMS 0x00000000e1300000, 0x00000000e1300000| Untracked 
|  20|0x00000000e1400000, 0x00000000e1400000, 0x00000000e1500000|  0%| F|  |TAMS 0x00000000e1400000, 0x00000000e1400000| Untracked 
|  21|0x00000000e1500000, 0x00000000e1500000, 0x00000000e1600000|  0%| F|  |TAMS 0x00000000e1500000, 0x00000000e1500000| Untracked 
|  22|0x00000000e1600000, 0x00000000e1600000, 0x00000000e1700000|  0%| F|  |TAMS 0x00000000e1600000, 0x00000000e1600000| Untracked 
|  23|0x00000000e1700000, 0x00000000e1700000, 0x00000000e1800000|  0%| F|  |TAMS 0x00000000e1700000, 0x00000000e1700000| Untracked 
|  24|0x00000000e1800000, 0x00000000e1800000, 0x00000000e1900000|  0%| F|  |TAMS 0x00000000e1800000, 0x00000000e1800000| Untracked 
|  25|0x00000000e1900000, 0x00000000e1900000, 0x00000000e1a00000|  0%| F|  |TAMS 0x00000000e1900000, 0x00000000e1900000| Untracked 
|  26|0x00000000e1a00000, 0x00000000e1a00000, 0x00000000e1b00000|  0%| F|  |TAMS 0x00000000e1a00000, 0x00000000e1a00000| Untracked 
|  27|0x00000000e1b00000, 0x00000000e1b00000, 0x00000000e1c00000|  0%| F|  |TAMS 0x00000000e1b00000, 0x00000000e1b00000| Untracked 
|  28|0x00000000e1c00000, 0x00000000e1c00000, 0x00000000e1d00000|  0%| F|  |TAMS 0x00000000e1c00000, 0x00000000e1c00000| Untracked 
|  29|0x00000000e1d00000, 0x00000000e1d00000, 0x00000000e1e00000|  0%| F|  |TAMS 0x00000000e1d00000, 0x00000000e1d00000| Untracked 
|  30|0x00000000e1e00000, 0x00000000e1e00000, 0x00000000e1f00000|  0%| F|  |TAMS 0x00000000e1e00000, 0x00000000e1e00000| Untracked 
|  31|0x00000000e1f00000, 0x00000000e1f00000, 0x00000000e2000000|  0%| F|  |TAMS 0x00000000e1f00000, 0x00000000e1f00000| Untracked 
|  32|0x00000000e2000000, 0x00000000e2000000, 0x00000000e2100000|  0%| F|  |TAMS 0x00000000e2000000, 0x00000000e2000000| Untracked 
|  33|0x00000000e2100000, 0x00000000e2100000, 0x00000000e2200000|  0%| F|  |TAMS 0x00000000e2100000, 0x00000000e2100000| Untracked 
|  34|0x00000000e2200000, 0x00000000e2200000, 0x00000000e2300000|  0%| F|  |TAMS 0x00000000e2200000, 0x00000000e2200000| Untracked 
|  35|0x00000000e2300000, 0x00000000e2300000, 0x00000000e2400000|  0%| F|  |TAMS 0x00000000e2300000, 0x00000000e2300000| Untracked 
|  36|0x00000000e2400000, 0x00000000e2400000, 0x00000000e2500000|  0%| F|  |TAMS 0x00000000e2400000, 0x00000000e2400000| Untracked 
|  37|0x00000000e2500000, 0x00000000e2500000, 0x00000000e2600000|  0%| F|  |TAMS 0x00000000e2500000, 0x00000000e2500000| Untracked 
|  38|0x00000000e2600000, 0x00000000e2600000, 0x00000000e2700000|  0%| F|  |TAMS 0x00000000e2600000, 0x00000000e2600000| Untracked 
|  39|0x00000000e2700000, 0x00000000e2700000, 0x00000000e2800000|  0%| F|  |TAMS 0x00000000e2700000, 0x00000000e2700000| Untracked 
|  40|0x00000000e2800000, 0x00000000e2800000, 0x00000000e2900000|  0%| F|  |TAMS 0x00000000e2800000, 0x00000000e2800000| Untracked 
|  41|0x00000000e2900000, 0x00000000e2900000, 0x00000000e2a00000|  0%| F|  |TAMS 0x00000000e2900000, 0x00000000e2900000| Untracked 
|  42|0x00000000e2a00000, 0x00000000e2a00000, 0x00000000e2b00000|  0%| F|  |TAMS 0x00000000e2a00000, 0x00000000e2a00000| Untracked 
|  43|0x00000000e2b00000, 0x00000000e2b00000, 0x00000000e2c00000|  0%| F|  |TAMS 0x00000000e2b00000, 0x00000000e2b00000| Untracked 
|  44|0x00000000e2c00000, 0x00000000e2c00000, 0x00000000e2d00000|  0%| F|  |TAMS 0x00000000e2c00000, 0x00000000e2c00000| Untracked 
|  45|0x00000000e2d00000, 0x00000000e2d00000, 0x00000000e2e00000|  0%| F|  |TAMS 0x00000000e2d00000, 0x00000000e2d00000| Untracked 
|  46|0x00000000e2e00000, 0x00000000e2e00000, 0x00000000e2f00000|  0%| F|  |TAMS 0x00000000e2e00000, 0x00000000e2e00000| Untracked 
|  47|0x00000000e2f00000, 0x00000000e2f00000, 0x00000000e3000000|  0%| F|  |TAMS 0x00000000e2f00000, 0x00000000e2f00000| Untracked 
|  48|0x00000000e3000000, 0x00000000e3000000, 0x00000000e3100000|  0%| F|  |TAMS 0x00000000e3000000, 0x00000000e3000000| Untracked 
|  49|0x00000000e3100000, 0x00000000e3100000, 0x00000000e3200000|  0%| F|  |TAMS 0x00000000e3100000, 0x00000000e3100000| Untracked 
|  50|0x00000000e3200000, 0x00000000e3200000, 0x00000000e3300000|  0%| F|  |TAMS 0x00000000e3200000, 0x00000000e3200000| Untracked 
|  51|0x00000000e3300000, 0x00000000e3300000, 0x00000000e3400000|  0%| F|  |TAMS 0x00000000e3300000, 0x00000000e3300000| Untracked 
|  52|0x00000000e3400000, 0x00000000e3400000, 0x00000000e3500000|  0%| F|  |TAMS 0x00000000e3400000, 0x00000000e3400000| Untracked 
|  53|0x00000000e3500000, 0x00000000e3500000, 0x00000000e3600000|  0%| F|  |TAMS 0x00000000e3500000, 0x00000000e3500000| Untracked 
|  54|0x00000000e3600000, 0x00000000e3600000, 0x00000000e3700000|  0%| F|  |TAMS 0x00000000e3600000, 0x00000000e3600000| Untracked 
|  55|0x00000000e3700000, 0x00000000e3700000, 0x00000000e3800000|  0%| F|  |TAMS 0x00000000e3700000, 0x00000000e3700000| Untracked 
|  56|0x00000000e3800000, 0x00000000e3800000, 0x00000000e3900000|  0%| F|  |TAMS 0x00000000e3800000, 0x00000000e3800000| Untracked 
|  57|0x00000000e3900000, 0x00000000e3900000, 0x00000000e3a00000|  0%| F|  |TAMS 0x00000000e3900000, 0x00000000e3900000| Untracked 
|  58|0x00000000e3a00000, 0x00000000e3a00000, 0x00000000e3b00000|  0%| F|  |TAMS 0x00000000e3a00000, 0x00000000e3a00000| Untracked 
|  59|0x00000000e3b00000, 0x00000000e3b00000, 0x00000000e3c00000|  0%| F|  |TAMS 0x00000000e3b00000, 0x00000000e3b00000| Untracked 
|  60|0x00000000e3c00000, 0x00000000e3c00000, 0x00000000e3d00000|  0%| F|  |TAMS 0x00000000e3c00000, 0x00000000e3c00000| Untracked 
|  61|0x00000000e3d00000, 0x00000000e3d00000, 0x00000000e3e00000|  0%| F|  |TAMS 0x00000000e3d00000, 0x00000000e3d00000| Untracked 
|  62|0x00000000e3e00000, 0x00000000e3e00000, 0x00000000e3f00000|  0%| F|  |TAMS 0x00000000e3e00000, 0x00000000e3e00000| Untracked 
|  63|0x00000000e3f00000, 0x00000000e3f00000, 0x00000000e4000000|  0%| F|  |TAMS 0x00000000e3f00000, 0x00000000e3f00000| Untracked 
|  64|0x00000000e4000000, 0x00000000e4000000, 0x00000000e4100000|  0%| F|  |TAMS 0x00000000e4000000, 0x00000000e4000000| Untracked 
|  65|0x00000000e4100000, 0x00000000e4100000, 0x00000000e4200000|  0%| F|  |TAMS 0x00000000e4100000, 0x00000000e4100000| Untracked 
|  66|0x00000000e4200000, 0x00000000e4200000, 0x00000000e4300000|  0%| F|  |TAMS 0x00000000e4200000, 0x00000000e4200000| Untracked 
|  67|0x00000000e4300000, 0x00000000e4300000, 0x00000000e4400000|  0%| F|  |TAMS 0x00000000e4300000, 0x00000000e4300000| Untracked 
|  68|0x00000000e4400000, 0x00000000e4400000, 0x00000000e4500000|  0%| F|  |TAMS 0x00000000e4400000, 0x00000000e4400000| Untracked 
|  69|0x00000000e4500000, 0x00000000e4500000, 0x00000000e4600000|  0%| F|  |TAMS 0x00000000e4500000, 0x00000000e4500000| Untracked 
|  70|0x00000000e4600000, 0x00000000e4600000, 0x00000000e4700000|  0%| F|  |TAMS 0x00000000e4600000, 0x00000000e4600000| Untracked 
|  71|0x00000000e4700000, 0x00000000e4700000, 0x00000000e4800000|  0%| F|  |TAMS 0x00000000e4700000, 0x00000000e4700000| Untracked 
|  72|0x00000000e4800000, 0x00000000e4800000, 0x00000000e4900000|  0%| F|  |TAMS 0x00000000e4800000, 0x00000000e4800000| Untracked 
|  73|0x00000000e4900000, 0x00000000e4900000, 0x00000000e4a00000|  0%| F|  |TAMS 0x00000000e4900000, 0x00000000e4900000| Untracked 
|  74|0x00000000e4a00000, 0x00000000e4a00000, 0x00000000e4b00000|  0%| F|  |TAMS 0x00000000e4a00000, 0x00000000e4a00000| Untracked 
|  75|0x00000000e4b00000, 0x00000000e4b00000, 0x00000000e4c00000|  0%| F|  |TAMS 0x00000000e4b00000, 0x00000000e4b00000| Untracked 
|  76|0x00000000e4c00000, 0x00000000e4c00000, 0x00000000e4d00000|  0%| F|  |TAMS 0x00000000e4c00000, 0x00000000e4c00000| Untracked 
|  77|0x00000000e4d00000, 0x00000000e4d00000, 0x00000000e4e00000|  0%| F|  |TAMS 0x00000000e4d00000, 0x00000000e4d00000| Untracked 
|  78|0x00000000e4e00000, 0x00000000e4e00000, 0x00000000e4f00000|  0%| F|  |TAMS 0x00000000e4e00000, 0x00000000e4e00000| Untracked 
|  79|0x00000000e4f00000, 0x00000000e4f00000, 0x00000000e5000000|  0%| F|  |TAMS 0x00000000e4f00000, 0x00000000e4f00000| Untracked 
|  80|0x00000000e5000000, 0x00000000e5000000, 0x00000000e5100000|  0%| F|  |TAMS 0x00000000e5000000, 0x00000000e5000000| Untracked 
|  81|0x00000000e5100000, 0x00000000e5100000, 0x00000000e5200000|  0%| F|  |TAMS 0x00000000e5100000, 0x00000000e5100000| Untracked 
|  82|0x00000000e5200000, 0x00000000e5200000, 0x00000000e5300000|  0%| F|  |TAMS 0x00000000e5200000, 0x00000000e5200000| Untracked 
|  83|0x00000000e5300000, 0x00000000e5300000, 0x00000000e5400000|  0%| F|  |TAMS 0x00000000e5300000, 0x00000000e5300000| Untracked 
|  84|0x00000000e5400000, 0x00000000e5400000, 0x00000000e5500000|  0%| F|  |TAMS 0x00000000e5400000, 0x00000000e5400000| Untracked 
|  85|0x00000000e5500000, 0x00000000e5500000, 0x00000000e5600000|  0%| F|  |TAMS 0x00000000e5500000, 0x00000000e5500000| Untracked 
|  86|0x00000000e5600000, 0x00000000e5600000, 0x00000000e5700000|  0%| F|  |TAMS 0x00000000e5600000, 0x00000000e5600000| Untracked 
|  87|0x00000000e5700000, 0x00000000e5700000, 0x00000000e5800000|  0%| F|  |TAMS 0x00000000e5700000, 0x00000000e5700000| Untracked 
|  88|0x00000000e5800000, 0x00000000e5800000, 0x00000000e5900000|  0%| F|  |TAMS 0x00000000e5800000, 0x00000000e5800000| Untracked 
|  89|0x00000000e5900000, 0x00000000e5900000, 0x00000000e5a00000|  0%| F|  |TAMS 0x00000000e5900000, 0x00000000e5900000| Untracked 
|  90|0x00000000e5a00000, 0x00000000e5a00000, 0x00000000e5b00000|  0%| F|  |TAMS 0x00000000e5a00000, 0x00000000e5a00000| Untracked 
|  91|0x00000000e5b00000, 0x00000000e5b00000, 0x00000000e5c00000|  0%| F|  |TAMS 0x00000000e5b00000, 0x00000000e5b00000| Untracked 
|  92|0x00000000e5c00000, 0x00000000e5c00000, 0x00000000e5d00000|  0%| F|  |TAMS 0x00000000e5c00000, 0x00000000e5c00000| Untracked 
|  93|0x00000000e5d00000, 0x00000000e5d00000, 0x00000000e5e00000|  0%| F|  |TAMS 0x00000000e5d00000, 0x00000000e5d00000| Untracked 
|  94|0x00000000e5e00000, 0x00000000e5e00000, 0x00000000e5f00000|  0%| F|  |TAMS 0x00000000e5e00000, 0x00000000e5e00000| Untracked 
|  95|0x00000000e5f00000, 0x00000000e5f00000, 0x00000000e6000000|  0%| F|  |TAMS 0x00000000e5f00000, 0x00000000e5f00000| Untracked 
|  96|0x00000000e6000000, 0x00000000e6000000, 0x00000000e6100000|  0%| F|  |TAMS 0x00000000e6000000, 0x00000000e6000000| Untracked 
|  97|0x00000000e6100000, 0x00000000e6100000, 0x00000000e6200000|  0%| F|  |TAMS 0x00000000e6100000, 0x00000000e6100000| Untracked 
|  98|0x00000000e6200000, 0x00000000e6300000, 0x00000000e6300000|100%| S|CS|TAMS 0x00000000e6200000, 0x00000000e6200000| Complete 
|  99|0x00000000e6300000, 0x00000000e6400000, 0x00000000e6400000|100%| S|CS|TAMS 0x00000000e6300000, 0x00000000e6300000| Complete 
| 100|0x00000000e6400000, 0x00000000e6500000, 0x00000000e6500000|100%| S|CS|TAMS 0x00000000e6400000, 0x00000000e6400000| Complete 
| 101|0x00000000e6500000, 0x00000000e6500000, 0x00000000e6600000|  0%| F|  |TAMS 0x00000000e6500000, 0x00000000e6500000| Untracked 
| 102|0x00000000e6600000, 0x00000000e6600000, 0x00000000e6700000|  0%| F|  |TAMS 0x00000000e6600000, 0x00000000e6600000| Untracked 
| 103|0x00000000e6700000, 0x00000000e6700000, 0x00000000e6800000|  0%| F|  |TAMS 0x00000000e6700000, 0x00000000e6700000| Untracked 
| 104|0x00000000e6800000, 0x00000000e6800000, 0x00000000e6900000|  0%| F|  |TAMS 0x00000000e6800000, 0x00000000e6800000| Untracked 
| 105|0x00000000e6900000, 0x00000000e6900000, 0x00000000e6a00000|  0%| F|  |TAMS 0x00000000e6900000, 0x00000000e6900000| Untracked 
| 106|0x00000000e6a00000, 0x00000000e6a00000, 0x00000000e6b00000|  0%| F|  |TAMS 0x00000000e6a00000, 0x00000000e6a00000| Untracked 
| 107|0x00000000e6b00000, 0x00000000e6b00000, 0x00000000e6c00000|  0%| F|  |TAMS 0x00000000e6b00000, 0x00000000e6b00000| Untracked 
| 108|0x00000000e6c00000, 0x00000000e6c00000, 0x00000000e6d00000|  0%| F|  |TAMS 0x00000000e6c00000, 0x00000000e6c00000| Untracked 
| 109|0x00000000e6d00000, 0x00000000e6d00000, 0x00000000e6e00000|  0%| F|  |TAMS 0x00000000e6d00000, 0x00000000e6d00000| Untracked 
| 110|0x00000000e6e00000, 0x00000000e6e00000, 0x00000000e6f00000|  0%| F|  |TAMS 0x00000000e6e00000, 0x00000000e6e00000| Untracked 
| 111|0x00000000e6f00000, 0x00000000e6f00000, 0x00000000e7000000|  0%| F|  |TAMS 0x00000000e6f00000, 0x00000000e6f00000| Untracked 
| 112|0x00000000e7000000, 0x00000000e7000000, 0x00000000e7100000|  0%| F|  |TAMS 0x00000000e7000000, 0x00000000e7000000| Untracked 
| 113|0x00000000e7100000, 0x00000000e7100000, 0x00000000e7200000|  0%| F|  |TAMS 0x00000000e7100000, 0x00000000e7100000| Untracked 
| 114|0x00000000e7200000, 0x00000000e7200000, 0x00000000e7300000|  0%| F|  |TAMS 0x00000000e7200000, 0x00000000e7200000| Untracked 
| 115|0x00000000e7300000, 0x00000000e7300000, 0x00000000e7400000|  0%| F|  |TAMS 0x00000000e7300000, 0x00000000e7300000| Untracked 
| 116|0x00000000e7400000, 0x00000000e7400000, 0x00000000e7500000|  0%| F|  |TAMS 0x00000000e7400000, 0x00000000e7400000| Untracked 
| 117|0x00000000e7500000, 0x00000000e7500000, 0x00000000e7600000|  0%| F|  |TAMS 0x00000000e7500000, 0x00000000e7500000| Untracked 
| 118|0x00000000e7600000, 0x00000000e7600000, 0x00000000e7700000|  0%| F|  |TAMS 0x00000000e7600000, 0x00000000e7600000| Untracked 
| 119|0x00000000e7700000, 0x00000000e7700000, 0x00000000e7800000|  0%| F|  |TAMS 0x00000000e7700000, 0x00000000e7700000| Untracked 
| 120|0x00000000e7800000, 0x00000000e7800000, 0x00000000e7900000|  0%| F|  |TAMS 0x00000000e7800000, 0x00000000e7800000| Untracked 
| 121|0x00000000e7900000, 0x00000000e7900000, 0x00000000e7a00000|  0%| F|  |TAMS 0x00000000e7900000, 0x00000000e7900000| Untracked 
| 122|0x00000000e7a00000, 0x00000000e7ab1710, 0x00000000e7b00000| 69%| E|  |TAMS 0x00000000e7a00000, 0x00000000e7a00000| Complete 
| 123|0x00000000e7b00000, 0x00000000e7c00000, 0x00000000e7c00000|100%| E|CS|TAMS 0x00000000e7b00000, 0x00000000e7b00000| Complete 

Card table byte_map: [0x000001f37f070000,0x000001f37f170000] _byte_map_base: 0x000001f37e970000

Marking Bits (Prev, Next): (CMBitMap*) 0x000001f36c79d4b0, (CMBitMap*) 0x000001f36c79d4f0
 Prev Bits: [0x000001f37f270000, 0x000001f37fa70000)
 Next Bits: [0x000001f300000000, 0x000001f300800000)

Polling page: 0x000001f36a8d0000

Metaspace:

Usage:
  Non-class:     12.98 MB used.
      Class:      1.58 MB used.
       Both:     14.56 MB used.

Virtual space:
  Non-class space:       64.00 MB reserved,      13.06 MB ( 20%) committed,  1 nodes.
      Class space:        1.00 GB reserved,       1.69 MB ( <1%) committed,  1 nodes.
             Both:        1.06 GB reserved,      14.75 MB (  1%) committed. 

Chunk freelists:
   Non-Class:  2.38 MB
       Class:  14.16 MB
        Both:  16.54 MB

MaxMetaspaceSize: unlimited
CompressedClassSpaceSize: 1.00 GB
Initial GC threshold: 21.00 MB
Current GC threshold: 21.00 MB
CDS: off
MetaspaceReclaimPolicy: balanced
 - commit_granule_bytes: 65536.
 - commit_granule_words: 8192.
 - virtual_space_node_default_size: 8388608.
 - enlarge_chunks_in_place: 1.
 - new_chunks_are_fully_committed: 0.
 - uncommit_free_chunks: 1.
 - use_allocation_guard: 0.
 - handle_deallocations: 1.


Internal statistics:

num_allocs_failed_limit: 0.
num_arena_births: 82.
num_arena_deaths: 0.
num_vsnodes_births: 2.
num_vsnodes_deaths: 0.
num_space_committed: 236.
num_space_uncommitted: 0.
num_chunks_returned_to_freelist: 0.
num_chunks_taken_from_freelist: 245.
num_chunk_merges: 0.
num_chunk_splits: 140.
num_chunks_enlarged: 96.
num_inconsistent_stats: 0.

CodeHeap 'non-profiled nmethods': size=120000Kb used=403Kb max_used=403Kb free=119597Kb
 bounds [0x000001f377700000, 0x000001f377970000, 0x000001f37ec30000]
CodeHeap 'profiled nmethods': size=120000Kb used=2432Kb max_used=2432Kb free=117567Kb
 bounds [0x000001f36fc30000, 0x000001f36fea0000, 0x000001f377160000]
CodeHeap 'non-nmethods': size=5760Kb used=1169Kb max_used=1192Kb free=4590Kb
 bounds [0x000001f377160000, 0x000001f3773d0000, 0x000001f377700000]
 total_blobs=1657 nmethods=1206 adapters=364
 compilation: enabled
              stopped_count=0, restarted_count=0
 full_count=0

Compilation events (20 events):
Event: 3.191 Thread 0x000001f302d267a0 nmethod 1182 0x000001f36fe84d90 code [0x000001f36fe85000, 0x000001f36fe85978]
Event: 3.191 Thread 0x000001f302d267a0 1181       3       jdk.internal.org.objectweb.asm.Frame::getAbstractTypeFromInternalName (9 bytes)
Event: 3.191 Thread 0x000001f302d267a0 nmethod 1181 0x000001f36fe85c90 code [0x000001f36fe85e20, 0x000001f36fe85f48]
Event: 3.191 Thread 0x000001f302d267a0 1183       3       jdk.internal.misc.Unsafe::getShortUnaligned (33 bytes)
Event: 3.192 Thread 0x000001f307b04d50 nmethod 1136 0x000001f377762290 code [0x000001f377762400, 0x000001f377762498]
Event: 3.192 Thread 0x000001f302d267a0 nmethod 1183 0x000001f36fe86010 code [0x000001f36fe861e0, 0x000001f36fe86598]
Event: 3.192 Thread 0x000001f302d267a0 1184       3       jdk.internal.misc.Unsafe::convEndian (16 bytes)
Event: 3.192 Thread 0x000001f302d267a0 nmethod 1184 0x000001f36fe86710 code [0x000001f36fe868a0, 0x000001f36fe86a58]
Event: 3.192 Thread 0x000001f302d267a0 1185       3       java.lang.Short::reverseBytes (14 bytes)
Event: 3.192 Thread 0x000001f302d267a0 nmethod 1185 0x000001f36fe86b10 code [0x000001f36fe86ca0, 0x000001f36fe86d98]
Event: 3.196 Thread 0x000001f302d267a0 1187       3       java.lang.invoke.LambdaForm::parameter (38 bytes)
Event: 3.196 Thread 0x000001f302d267a0 nmethod 1187 0x000001f36fe86e10 code [0x000001f36fe86fa0, 0x000001f36fe870d8]
Event: 3.196 Thread 0x000001f302d267a0 1189       3       java.lang.invoke.LambdaForm::parameterType (9 bytes)
Event: 3.197 Thread 0x000001f302d267a0 nmethod 1189 0x000001f36fe87190 code [0x000001f36fe87340, 0x000001f36fe87488]
Event: 3.197 Thread 0x000001f302d267a0 1190       1       java.util.concurrent.locks.AbstractOwnableSynchronizer::getExclusiveOwnerThread (5 bytes)
Event: 3.197 Thread 0x000001f302d267a0 nmethod 1190 0x000001f377762b90 code [0x000001f377762d20, 0x000001f377762df8]
Event: 3.199 Thread 0x000001f302d267a0 1195       3       java.util.regex.Pattern::has (15 bytes)
Event: 3.199 Thread 0x000001f302d267a0 nmethod 1195 0x000001f36fe87590 code [0x000001f36fe87720, 0x000001f36fe87898]
Event: 3.201 Thread 0x000001f302d267a0 1196       3       java.io.WinNTFileSystem::resolve (275 bytes)
Event: 3.206 Thread 0x000001f302d267a0 nmethod 1196 0x000001f36fe87910 code [0x000001f36fe87e40, 0x000001f36fe8aaf8]

GC Heap History (2 events):
Event: 3.117 GC heap before
{Heap before GC invocations=0 (full 0):
 garbage-first heap   total 126976K, used 26624K [0x00000000e0000000, 0x0000000100000000)
  region size 1024K, 23 young (23552K), 0 survivors (0K)
 Metaspace       used 14480K, committed 14784K, reserved 1114112K
  class space    used 1563K, committed 1728K, reserved 1048576K
}
Event: 3.131 GC heap after
{Heap after GC invocations=1 (full 0):
 garbage-first heap   total 126976K, used 13756K [0x00000000e0000000, 0x0000000100000000)
  region size 1024K, 3 young (3072K), 3 survivors (3072K)
 Metaspace       used 14480K, committed 14784K, reserved 1114112K
  class space    used 1563K, committed 1728K, reserved 1048576K
}

Dll operation events (2 events):
Event: 0.079 Loaded shared library C:\Program Files\Android\Android Studio\jbr\bin\java.dll
Event: 1.408 Loaded shared library C:\Program Files\Android\Android Studio\jbr\bin\verify.dll

Deoptimization events (20 events):
Event: 3.056 Thread 0x000001f36c76f510 Uncommon trap: trap_request=0xffffffde fr.pc=0x000001f37774decc relative=0x000000000000054c
Event: 3.056 Thread 0x000001f36c76f510 Uncommon trap: reason=class_check action=maybe_recompile pc=0x000001f37774decc method=java.util.HashMap.putVal(ILjava/lang/Object;Ljava/lang/Object;ZZ)Ljava/lang/Object; @ 253 c2
Event: 3.056 Thread 0x000001f36c76f510 DEOPT PACKING pc=0x000001f37774decc sp=0x0000003a95cfdcb0
Event: 3.056 Thread 0x000001f36c76f510 DEOPT UNPACKING pc=0x000001f3771ba1a3 sp=0x0000003a95cfdc50 mode 2
Event: 3.056 Thread 0x000001f36c76f510 Uncommon trap: trap_request=0xffffffde fr.pc=0x000001f37774decc relative=0x000000000000054c
Event: 3.056 Thread 0x000001f36c76f510 Uncommon trap: reason=class_check action=maybe_recompile pc=0x000001f37774decc method=java.util.HashMap.putVal(ILjava/lang/Object;Ljava/lang/Object;ZZ)Ljava/lang/Object; @ 253 c2
Event: 3.056 Thread 0x000001f36c76f510 DEOPT PACKING pc=0x000001f37774decc sp=0x0000003a95cfdcb0
Event: 3.057 Thread 0x000001f36c76f510 DEOPT UNPACKING pc=0x000001f3771ba1a3 sp=0x0000003a95cfdc50 mode 2
Event: 3.057 Thread 0x000001f36c76f510 Uncommon trap: trap_request=0xffffffde fr.pc=0x000001f37774decc relative=0x000000000000054c
Event: 3.057 Thread 0x000001f36c76f510 Uncommon trap: reason=class_check action=maybe_recompile pc=0x000001f37774decc method=java.util.HashMap.putVal(ILjava/lang/Object;Ljava/lang/Object;ZZ)Ljava/lang/Object; @ 253 c2
Event: 3.057 Thread 0x000001f36c76f510 DEOPT PACKING pc=0x000001f37774decc sp=0x0000003a95cfdcb0
Event: 3.057 Thread 0x000001f36c76f510 DEOPT UNPACKING pc=0x000001f3771ba1a3 sp=0x0000003a95cfdc50 mode 2
Event: 3.134 Thread 0x000001f36c76f510 Uncommon trap: trap_request=0xffffff45 fr.pc=0x000001f3777441fc relative=0x000000000000025c
Event: 3.134 Thread 0x000001f36c76f510 Uncommon trap: reason=unstable_if action=reinterpret pc=0x000001f3777441fc method=java.util.concurrent.ConcurrentHashMap.get(Ljava/lang/Object;)Ljava/lang/Object; @ 76 c2
Event: 3.134 Thread 0x000001f36c76f510 DEOPT PACKING pc=0x000001f3777441fc sp=0x0000003a95cfd130
Event: 3.134 Thread 0x000001f36c76f510 DEOPT UNPACKING pc=0x000001f3771ba1a3 sp=0x0000003a95cfd0a8 mode 2
Event: 3.135 Thread 0x000001f36c76f510 Uncommon trap: trap_request=0xffffff45 fr.pc=0x000001f377749aac relative=0x000000000000016c
Event: 3.135 Thread 0x000001f36c76f510 Uncommon trap: reason=unstable_if action=reinterpret pc=0x000001f377749aac method=java.util.concurrent.ConcurrentHashMap.addCount(JI)V @ 121 c2
Event: 3.135 Thread 0x000001f36c76f510 DEOPT PACKING pc=0x000001f377749aac sp=0x0000003a95cfcee0
Event: 3.135 Thread 0x000001f36c76f510 DEOPT UNPACKING pc=0x000001f3771ba1a3 sp=0x0000003a95cfce40 mode 2

Classes unloaded (0 events):
No events

Classes redefined (0 events):
No events

Internal exceptions (17 events):
Event: 1.331 Thread 0x000001f36c76f510 Exception <a 'java/lang/NoSuchMethodError'{0x00000000e7af45e8}: 'void java.lang.invoke.DirectMethodHandle$Holder.invokeInterface(java.lang.Object, java.lang.Object, java.lang.Object)'> (0x00000000e7af45e8) 
thrown [s\src\hotspot\share\interpreter\linkResolver.cpp, line 771]
Event: 1.923 Thread 0x000001f36c76f510 Exception <a 'java/lang/NoSuchMethodError'{0x00000000e71fd480}: 'java.lang.Object java.lang.invoke.DirectMethodHandle$Holder.invokeStaticInit(java.lang.Object)'> (0x00000000e71fd480) 
thrown [s\src\hotspot\share\interpreter\linkResolver.cpp, line 771]
Event: 1.964 Thread 0x000001f36c76f510 Exception <a 'java/lang/NoSuchMethodError'{0x00000000e7059060}: static Ljava/lang/Object;.<clinit>()V> (0x00000000e7059060) 
thrown [s\src\hotspot\share\prims\jni.cpp, line 1108]
Event: 2.020 Thread 0x000001f36c76f510 Exception <a 'java/lang/NoSuchMethodError'{0x00000000e70b5bf8}: static Lorg/gradle/api/internal/tasks/testing/junit/JUnitTestClassProcessorFactory;.<clinit>()V> (0x00000000e70b5bf8) 
thrown [s\src\hotspot\share\prims\jni.cpp, line 1108]
Event: 2.024 Thread 0x000001f36c76f510 Exception <a 'java/lang/NoSuchMethodError'{0x00000000e70c27b0}: static Lorg/gradle/api/internal/tasks/testing/junit/JUnitSpec;.<clinit>()V> (0x00000000e70c27b0) 
thrown [s\src\hotspot\share\prims\jni.cpp, line 1108]
Event: 2.032 Thread 0x000001f36c76f510 Exception <a 'java/lang/NoSuchMethodError'{0x00000000e70deae8}: static Lorg/gradle/api/internal/tasks/testing/filter/TestFilterSpec;.<clinit>()V> (0x00000000e70deae8) 
thrown [s\src\hotspot\share\prims\jni.cpp, line 1108]
Event: 2.187 Thread 0x000001f36c76f510 Exception <a 'java/lang/NoSuchMethodError'{0x00000000e6ea9b08}: 'java.lang.Object java.lang.invoke.DirectMethodHandle$Holder.invokeVirtual(java.lang.Object, java.lang.Object, java.lang.Object, java.lang.Object, java.lang.Object, java.lang.Object, java.lang.Object)'> (0x00000000e6ea9b08) 
thrown [s\src\hotspot\share\interpreter\linkResolver.cpp, line 771]
Event: 2.192 Thread 0x000001f36c76f510 Exception <a 'java/lang/NoSuchMethodError'{0x00000000e6eba400}: 'java.lang.Object java.lang.invoke.Invokers$Holder.invoker(java.lang.Object, java.lang.Object, java.lang.Object)'> (0x00000000e6eba400) 
thrown [s\src\hotspot\share\interpreter\linkResolver.cpp, line 771]
Event: 2.197 Thread 0x000001f36c76f510 Exception <a 'java/lang/NoSuchMethodError'{0x00000000e6ec3130}: 'java.lang.Object java.lang.invoke.DirectMethodHandle$Holder.invokeStatic(java.lang.Object, java.lang.Object, int)'> (0x00000000e6ec3130) 
thrown [s\src\hotspot\share\interpreter\linkResolver.cpp, line 771]
Event: 2.209 Thread 0x000001f36c76f510 Exception <a 'java/lang/NoSuchMethodError'{0x00000000e6ecee20}: 'void java.lang.invoke.DelegatingMethodHandle$Holder.delegate(java.lang.Object, java.lang.Object, int, java.lang.Object)'> (0x00000000e6ecee20) 
thrown [s\src\hotspot\share\interpreter\linkResolver.cpp, line 771]
Event: 2.211 Thread 0x000001f36c76f510 Exception <a 'java/lang/NoSuchMethodError'{0x00000000e6ed2fd8}: 'int java.lang.invoke.DirectMethodHandle$Holder.invokeSpecial(java.lang.Object, java.lang.Object, java.lang.Object)'> (0x00000000e6ed2fd8) 
thrown [s\src\hotspot\share\interpreter\linkResolver.cpp, line 771]
Event: 2.221 Thread 0x000001f36c76f510 Exception <a 'java/lang/NoSuchMethodError'{0x00000000e6ee6158}: 'java.lang.Object java.lang.invoke.Invokers$Holder.invokeExact_MT(java.lang.Object, java.lang.Object, java.lang.Object, java.lang.Object)'> (0x00000000e6ee6158) 
thrown [s\src\hotspot\share\interpreter\linkResolver.cpp, line 771]
Event: 2.605 Thread 0x000001f36c76f510 Exception <a 'java/lang/NoSuchMethodError'{0x00000000e6916060}: 'java.lang.Object java.lang.invoke.DirectMethodHandle$Holder.invokeStaticInit(java.lang.Object, int, int, int, int)'> (0x00000000e6916060) 
thrown [s\src\hotspot\share\interpreter\linkResolver.cpp, line 771]
Event: 2.954 Thread 0x000001f36c76f510 Exception <a 'java/lang/NoSuchMethodError'{0x00000000e6722db8}: 'java.lang.Object java.lang.invoke.DirectMethodHandle$Holder.invokeStaticInit(java.lang.Object, java.lang.Object, int, int, int, int)'> (0x00000000e6722db8) 
thrown [s\src\hotspot\share\interpreter\linkResolver.cpp, line 771]
Event: 3.114 Thread 0x000001f36c76f510 Exception <a 'java/lang/NoSuchMethodError'{0x00000000e65f6f50}: 'java.lang.Object java.lang.invoke.DirectMethodHandle$Holder.invokeInterface(java.lang.Object, java.lang.Object)'> (0x00000000e65f6f50) 
thrown [s\src\hotspot\share\interpreter\linkResolver.cpp, line 771]
Event: 3.115 Thread 0x000001f36c76f510 Exception <a 'java/lang/IncompatibleClassChangeError'{0x00000000e65fa748}: Found class java.lang.Object, but interface was expected> (0x00000000e65fa748) 
thrown [s\src\hotspot\share\interpreter\linkResolver.cpp, line 838]
Event: 3.178 Thread 0x000001f36c76f510 Exception <a 'java/lang/NoSuchMethodError'{0x00000000e7baf5f0}: 'java.lang.Object java.lang.invoke.DirectMethodHandle$Holder.newInvokeSpecial(java.lang.Object, java.lang.Object, java.lang.Object, java.lang.Object, java.lang.Object)'> (0x00000000e7baf5f0) 
thrown [s\src\hotspot\share\interpreter\linkResolver.cpp, line 771]

VM Operations (20 events):
Event: 1.352 Executing VM operation: HandshakeAllThreads
Event: 1.352 Executing VM operation: HandshakeAllThreads done
Event: 1.517 Executing VM operation: HandshakeAllThreads
Event: 1.517 Executing VM operation: HandshakeAllThreads done
Event: 1.524 Executing VM operation: HandshakeAllThreads
Event: 1.524 Executing VM operation: HandshakeAllThreads done
Event: 1.937 Executing VM operation: HandshakeAllThreads
Event: 1.937 Executing VM operation: HandshakeAllThreads done
Event: 2.096 Executing VM operation: HandshakeAllThreads
Event: 2.096 Executing VM operation: HandshakeAllThreads done
Event: 2.227 Executing VM operation: HandshakeAllThreads
Event: 2.227 Executing VM operation: HandshakeAllThreads done
Event: 2.227 Executing VM operation: Cleanup
Event: 2.228 Executing VM operation: Cleanup done
Event: 2.755 Executing VM operation: HandshakeAllThreads
Event: 2.755 Executing VM operation: HandshakeAllThreads done
Event: 3.016 Executing VM operation: HandshakeAllThreads
Event: 3.016 Executing VM operation: HandshakeAllThreads done
Event: 3.117 Executing VM operation: G1CollectForAllocation
Event: 3.131 Executing VM operation: G1CollectForAllocation done

Events (20 events):
Event: 3.195 loading class java/util/regex/Pattern$BitClass
Event: 3.195 loading class java/util/regex/Pattern$BitClass done
Event: 3.197 loading class java/util/regex/Pattern$StartS
Event: 3.197 loading class java/util/regex/Pattern$StartS done
Event: 3.197 loading class java/util/Formatter
Event: 3.198 loading class java/util/Formatter done
Event: 3.199 loading class java/util/Formatter$Conversion
Event: 3.199 loading class java/util/Formatter$Conversion done
Event: 3.199 loading class java/util/Formatter$FormatSpecifier
Event: 3.200 loading class java/util/Formatter$FormatString
Event: 3.200 loading class java/util/Formatter$FormatString done
Event: 3.200 loading class java/util/Formatter$FormatSpecifier done
Event: 3.200 loading class java/util/Formatter$Flags
Event: 3.200 loading class java/util/Formatter$Flags done
Event: 3.200 loading class java/util/Formatter$FixedString
Event: 3.200 loading class java/util/Formatter$FixedString done
Event: 3.200 loading class java/util/Formattable
Event: 3.200 loading class java/util/Formattable done
Event: 3.203 loading class java/lang/TypeNotPresentException
Event: 3.203 loading class java/lang/TypeNotPresentException done


Dynamic libraries:
0x00007ff6c00e0000 - 0x00007ff6c00ea000 	C:\Program Files\Android\Android Studio\jbr\bin\java.exe
0x00007ffaa4ff0000 - 0x00007ffaa51e8000 	C:\windows\SYSTEM32\ntdll.dll
0x00007ffaa4150000 - 0x00007ffaa4211000 	C:\windows\System32\KERNEL32.DLL
0x00007ffaa2c00000 - 0x00007ffaa2efd000 	C:\windows\System32\KERNELBASE.dll
0x00007ffaa29b0000 - 0x00007ffaa2ab0000 	C:\windows\System32\ucrtbase.dll
0x00007ffa9b0c0000 - 0x00007ffa9b0d7000 	C:\Program Files\Android\Android Studio\jbr\bin\jli.dll
0x00007ffaa3c30000 - 0x00007ffaa3dcd000 	C:\windows\System32\USER32.dll
0x00007ffaa2930000 - 0x00007ffaa2952000 	C:\windows\System32\win32u.dll
0x00007ffaa3420000 - 0x00007ffaa344b000 	C:\windows\System32\GDI32.dll
0x00007ffaa2f00000 - 0x00007ffaa3017000 	C:\windows\System32\gdi32full.dll
0x00007ffaa2890000 - 0x00007ffaa292d000 	C:\windows\System32\msvcp_win.dll
0x00007ffa981f0000 - 0x00007ffa9820b000 	C:\Program Files\Android\Android Studio\jbr\bin\VCRUNTIME140.dll
0x00007ffa78b70000 - 0x00007ffa78e0a000 	C:\windows\WinSxS\amd64_microsoft.windows.common-controls_6595b64144ccf1df_6.0.19041.4355_none_60b8b9eb71f62e16\COMCTL32.dll
0x00007ffaa4220000 - 0x00007ffaa42be000 	C:\windows\System32\msvcrt.dll
0x00007ffaa4f20000 - 0x00007ffaa4f4f000 	C:\windows\System32\IMM32.DLL
0x00007ffa9f6e0000 - 0x00007ffa9f6ec000 	C:\Program Files\Android\Android Studio\jbr\bin\vcruntime140_1.dll
0x00007ffa87ed0000 - 0x00007ffa87f5d000 	C:\Program Files\Android\Android Studio\jbr\bin\msvcp140.dll
0x00007ffa29380000 - 0x00007ffa2a003000 	C:\Program Files\Android\Android Studio\jbr\bin\server\jvm.dll
0x00007ffaa4040000 - 0x00007ffaa40f0000 	C:\windows\System32\ADVAPI32.dll
0x00007ffaa4aa0000 - 0x00007ffaa4b40000 	C:\windows\System32\sechost.dll
0x00007ffaa3240000 - 0x00007ffaa3363000 	C:\windows\System32\RPCRT4.dll
0x00007ffaa2ab0000 - 0x00007ffaa2ad7000 	C:\windows\System32\bcrypt.dll
0x00007ffaa1c20000 - 0x00007ffaa1c6b000 	C:\windows\SYSTEM32\POWRPROF.dll
0x00007ffa7bc10000 - 0x00007ffa7bc19000 	C:\windows\SYSTEM32\WSOCK32.dll
0x00007ffaa42c0000 - 0x00007ffaa432b000 	C:\windows\System32\WS2_32.dll
0x00007ffa878d0000 - 0x00007ffa878f7000 	C:\windows\SYSTEM32\WINMM.dll
0x00007ffa98b60000 - 0x00007ffa98b6a000 	C:\windows\SYSTEM32\VERSION.dll
0x00007ffaa1a90000 - 0x00007ffaa1aa2000 	C:\windows\SYSTEM32\UMPDC.dll
0x00007ffaa0e60000 - 0x00007ffaa0e72000 	C:\windows\SYSTEM32\kernel.appcore.dll
0x00007ffa9b120000 - 0x00007ffa9b12a000 	C:\Program Files\Android\Android Studio\jbr\bin\jimage.dll
0x00007ffaa0240000 - 0x00007ffaa0424000 	C:\windows\SYSTEM32\DBGHELP.DLL
0x00007ffa79cf0000 - 0x00007ffa79d24000 	C:\windows\SYSTEM32\dbgcore.DLL
0x00007ffaa2800000 - 0x00007ffaa2882000 	C:\windows\System32\bcryptPrimitives.dll
0x00007ffa9b0e0000 - 0x00007ffa9b105000 	C:\Program Files\Android\Android Studio\jbr\bin\java.dll
0x00007ffa9b0a0000 - 0x00007ffa9b0b8000 	C:\Program Files\Android\Android Studio\jbr\bin\zip.dll
0x00007ffaa4330000 - 0x00007ffaa4a9f000 	C:\windows\System32\SHELL32.dll
0x00007ffaa06c0000 - 0x00007ffaa0e5f000 	C:\windows\SYSTEM32\windows.storage.dll
0x00007ffaa4bc0000 - 0x00007ffaa4f13000 	C:\windows\System32\combase.dll
0x00007ffaa20c0000 - 0x00007ffaa20ee000 	C:\windows\SYSTEM32\Wldp.dll
0x00007ffaa3f70000 - 0x00007ffaa403d000 	C:\windows\System32\OLEAUT32.dll
0x00007ffaa3e50000 - 0x00007ffaa3efd000 	C:\windows\System32\SHCORE.dll
0x00007ffaa3f00000 - 0x00007ffaa3f55000 	C:\windows\System32\shlwapi.dll
0x00007ffaa25d0000 - 0x00007ffaa25f4000 	C:\windows\SYSTEM32\profapi.dll
0x00007ffa9b080000 - 0x00007ffa9b099000 	C:\Program Files\Android\Android Studio\jbr\bin\net.dll
0x00007ffa9be60000 - 0x00007ffa9bf6d000 	C:\windows\SYSTEM32\WINHTTP.dll
0x00007ffaa1e20000 - 0x00007ffaa1e8a000 	C:\windows\system32\mswsock.dll
0x00007ffa9b060000 - 0x00007ffa9b076000 	C:\Program Files\Android\Android Studio\jbr\bin\nio.dll
0x00007ffa9af80000 - 0x00007ffa9af90000 	C:\Program Files\Android\Android Studio\jbr\bin\verify.dll
0x00007ffa9af90000 - 0x00007ffa9af99000 	C:\Program Files\Android\Android Studio\jbr\bin\extnet.dll
0x00007ffa9afa0000 - 0x00007ffa9afa7000 	C:\windows\system32\wshunix.dll
0x00007ffaa2010000 - 0x00007ffaa2028000 	C:\windows\SYSTEM32\CRYPTSP.dll
0x00007ffaa16b0000 - 0x00007ffaa16e4000 	C:\windows\system32\rsaenh.dll
0x00007ffaa2540000 - 0x00007ffaa256e000 	C:\windows\SYSTEM32\USERENV.dll
0x00007ffaa2030000 - 0x00007ffaa203c000 	C:\windows\SYSTEM32\CRYPTBASE.dll
0x00007ffaa1ab0000 - 0x00007ffaa1aeb000 	C:\windows\SYSTEM32\IPHLPAPI.DLL
0x00007ffaa3dd0000 - 0x00007ffaa3dd8000 	C:\windows\System32\NSI.dll
0x00007ffa9ac30000 - 0x00007ffa9ac47000 	C:\windows\SYSTEM32\dhcpcsvc6.DLL
0x00007ffa9ab30000 - 0x00007ffa9ab4d000 	C:\windows\SYSTEM32\dhcpcsvc.DLL
0x00007ffaa1af0000 - 0x00007ffaa1bba000 	C:\windows\SYSTEM32\DNSAPI.dll

dbghelp: loaded successfully - version: 4.0.5 - missing functions: none
symbol engine: initialized successfully - sym options: 0x614 - pdb path: .;C:\Program Files\Android\Android Studio\jbr\bin;C:\windows\SYSTEM32;C:\windows\WinSxS\amd64_microsoft.windows.common-controls_6595b64144ccf1df_6.0.19041.4355_none_60b8b9eb71f62e16;C:\Program Files\Android\Android Studio\jbr\bin\server

VM Arguments:
jvm_args: -Djava.awt.headless=true -Djava.library.path=C:\Program Files\Android\Android Studio\jbr\bin;C:\windows\Sun\Java\bin;C:\windows\system32;C:\windows;C:\Program Files (x86)\Common Files\Oracle\Java\java8path;C:\Program Files (x86)\Common Files\Oracle\Java\javapath;C:\Program Files (x86)\VMware\VMware Player\bin\;C:\Program Files\Eclipse Adoptium\jdk-17.0.11.9-hotspot\bin;C:\Program Files\Eclipse Adoptium\jdk-11.0.23.9-hotspot\bin;C:\Program Files\Eclipse Adoptium\jdk-21.0.3.9-hotspot\bin;C:\Program Files (x86)\Common Files\Intel\Shared Libraries\redist\intel64\compiler;C:\windows\system32;C:\windows;C:\windows\System32\Wbem;C:\windows\System32\WindowsPowerShell\v1.0\;C:\windows\System32\OpenSSH\;C:\Program Files\Microsoft SQL Server\120\Tools\Binn\;C:\Program Files\Microsoft SQL Server\Client SDK\ODBC\110\Tools\Binn\;C:\Program Files (x86)\Microsoft SQL Server\120\Tools\Binn\;C:\Program Files\Microsoft SQL Server\120\DTS\Binn\;C:\Program Files\nodejs\;C:\Program Files\Microsoft SQL Server\150\Tools\Binn\;C:\Program Files\dotnet\;C:\Program Files\PuTTY\;C:\Program Files\HP\HP One Agent;C:\Program Files\Android\Android Studio\jbr\bin;C:\Program Files\Docker\Docker\resources\bin;C:\Program Files\Git\cmd;C:\Users\gijs\AppData\Local\Android\Sdk\platform-tools;C:\Program Files\MySQL\MySQL Shell 8.0\bin\;C:\Users\gijs\AppData\Local\Microsoft\WindowsApps;C:\Users\gijs\AppData\Roaming\npm;C:\Users\gijs\AppData\Local\Programs\Python\Python39\Scripts;C:\Users\gijs\.dotnet\tools;C:\Program Files\PostgreSQL\15\scripts;C:\Program Files (x86)\Nmap;C:\Users\gijs\AppData\Local\Programs\Python\Python312\Scripts;C:\Users\gijs\AppData\Local\Programs\Python\Python39;C:\Users\gijs\AppData\Roaming\pypoetry\venv\Scripts;;.;C:\Users\gijs\Documents\RRHE\RRHE_Android_App\app\src\testDebug\jniLibs;C:\Users\gijs\Documents\RRHE\RRHE_Android_App\app\src\test\jniLibs -Dorg.gradle.internal.worker.tmpdir=C:\Users\gijs\Documents\RRHE\RRHE_Android_App\app\build\tmp\testDebugUnitTest\work -Dorg.gradle.native=false -Xmx512m -Dfile.encoding=UTF-8 -Duser.country=US -Duser.language=en -Duser.variant -ea 
java_command: worker.org.gradle.process.internal.worker.GradleWorkerMain 'Gradle Test Executor 3'
java_class_path (initial): C:\\Users\\gijs\\.gradle\\caches\\8.7\\workerMain\\gradle-worker.jar;C:\\Users\\gijs\\Documents\\RRHE\\RRHE_Android_App\\app\\build\\tmp\\kotlin-classes\\debugUnitTest;C:\\Users\\gijs\\Documents\\RRHE\\RRHE_Android_App\\app\\build\\tmp\\kapt3\\classes\\debugUnitTest;C:\\Users\\gijs\\Documents\\RRHE\\RRHE_Android_App\\app\\build\\intermediates\\java_res\\debugUnitTest\\processDebugUnitTestJavaRes\\out;C:\\Users\\gijs\\Documents\\RRHE\\RRHE_Android_App\\app\\build\\intermediates\\runtime_app_classes_jar\\debug\\bundleDebugClassesToRuntimeJar\\classes.jar;C:\\Users\\gijs\\.gradle\\caches\\modules-2\\files-2.1\\org.jetbrains.kotlin\\kotlin-parcelize-runtime\\1.9.0\\fc78336898aeec72c726b35ba197d378f21b0525\\kotlin-parcelize-runtime-1.9.0.jar;C:\\Users\\gijs\\.gradle\\caches\\modules-2\\files-2.1\\junit\\junit\\4.13.2\\8ac9e16d933b6fb43bc7f576336b8f4d7eb5ba12\\junit-4.13.2.jar;C:\\Users\\gijs\\.gradle\\caches\\transforms-4\\a7ca9b4457ea4b027914fdf855f990d0\\transformed\\databinding-adapters-8.5.2-runtime.jar;C:\\Users\\gijs\\.gradle\\caches\\transforms-4\\cdd2685e59bd2ba46c93ca4f044ae0eb\\transformed\\databinding-ktx-8.5.2-runtime.jar;C:\\Users\\gijs\\.gradle\\caches\\transforms-4\\1d18d0fe199b2bc87ba12b0e38bca23a\\transformed\\databinding-runtime-8.5.2-runtime.jar;C:\\Users\\gijs\\.gradle\\caches\\transforms-4\\296c8a26ea697346add95782f341ea25\\transformed\\viewbinding-8.5.2-runtime.jar;C:\\Users\\gijs\\.gradle\\caches\\modules-2\\files-2.1\\androidx.databinding\\databinding-common\\8.5.2\\2be3530b78477835e69dce953b17adc1dbc5c6fa\\databinding-common-8.5.2.jar;C:\\Users\\gijs\\.gradle\\caches\\transforms-4\\dfa5b54eb5205d2418d79ee079b2cbdf\\transformed\\accompanist-systemuicontroller-0.30.1-runtime.jar;C:\\Users\\gijs\\.gradle\\caches\\transforms-4\\7df3b5e07b6061db0279c5bce08af914\\transformed\\accompanist-pager-indicators-0.30.1-runtime.jar;C:\\Users\\gijs\\.gradle\\caches\\transforms-4\\ae788584715b97aae339138b045addc9\\transformed\\accompa
Launcher Type: SUN_STANDARD

[Global flags]
     intx CICompilerCount                          = 4                                         {product} {ergonomic}
     uint ConcGCThreads                            = 2                                         {product} {ergonomic}
     uint G1ConcRefinementThreads                  = 8                                         {product} {ergonomic}
   size_t G1HeapRegionSize                         = 1048576                                   {product} {ergonomic}
    uintx GCDrainStackTargetSize                   = 64                                        {product} {ergonomic}
   size_t InitialHeapSize                          = 130023424                                 {product} {ergonomic}
   size_t MarkStackSize                            = 4194304                                   {product} {ergonomic}
   size_t MaxHeapSize                              = 536870912                                 {product} {command line}
   size_t MaxNewSize                               = 321912832                                 {product} {ergonomic}
   size_t MinHeapDeltaBytes                        = 1048576                                   {product} {ergonomic}
   size_t MinHeapSize                              = 8388608                                   {product} {ergonomic}
    uintx NonNMethodCodeHeapSize                   = 5839372                                {pd product} {ergonomic}
    uintx NonProfiledCodeHeapSize                  = 122909434                              {pd product} {ergonomic}
    uintx ProfiledCodeHeapSize                     = 122909434                              {pd product} {ergonomic}
    uintx ReservedCodeCacheSize                    = 251658240                              {pd product} {ergonomic}
     bool SegmentedCodeCache                       = true                                      {product} {ergonomic}
   size_t SoftMaxHeapSize                          = 536870912                              {manageable} {ergonomic}
     bool UseCompressedClassPointers               = true                           {product lp64_product} {ergonomic}
     bool UseCompressedOops                        = true                           {product lp64_product} {ergonomic}
     bool UseG1GC                                  = true                                      {product} {ergonomic}
     bool UseLargePagesIndividualAllocation        = false                                  {pd product} {ergonomic}

Logging:
Log output configuration:
 #0: stdout all=warning uptime,level,tags
 #1: stderr all=off uptime,level,tags

Environment Variables:
JAVA_HOME=C:\Program Files\Android\Android Studio\jbr
CLASSPATH=C:\Users\gijs\Documents\RRHE\RRHE_Android_App\\gradle\wrapper\gradle-wrapper.jar
PATH=C:\Program Files (x86)\Common Files\Oracle\Java\java8path;C:\Program Files (x86)\Common Files\Oracle\Java\javapath;C:\Program Files (x86)\VMware\VMware Player\bin\;C:\Program Files\Eclipse Adoptium\jdk-17.0.11.9-hotspot\bin;C:\Program Files\Eclipse Adoptium\jdk-11.0.23.9-hotspot\bin;C:\Program Files\Eclipse Adoptium\jdk-21.0.3.9-hotspot\bin;C:\Program Files (x86)\Common Files\Intel\Shared Libraries\redist\intel64\compiler;C:\windows\system32;C:\windows;C:\windows\System32\Wbem;C:\windows\System32\WindowsPowerShell\v1.0\;C:\windows\System32\OpenSSH\;C:\Program Files\Microsoft SQL Server\120\Tools\Binn\;C:\Program Files\Microsoft SQL Server\Client SDK\ODBC\110\Tools\Binn\;C:\Program Files (x86)\Microsoft SQL Server\120\Tools\Binn\;C:\Program Files\Microsoft SQL Server\120\DTS\Binn\;C:\Program Files\nodejs\;C:\Program Files\Microsoft SQL Server\150\Tools\Binn\;C:\Program Files\dotnet\;C:\Program Files\PuTTY\;C:\Program Files\HP\HP One Agent;C:\Program Files\Android\Android Studio\jbr\bin;C:\Program Files\Docker\Docker\resources\bin;C:\Program Files\Git\cmd;C:\Users\gijs\AppData\Local\Android\Sdk\platform-tools;C:\Program Files\MySQL\MySQL Shell 8.0\bin\;C:\Users\gijs\AppData\Local\Microsoft\WindowsApps;C:\Users\gijs\AppData\Roaming\npm;C:\Users\gijs\AppData\Local\Programs\Python\Python39\Scripts;C:\Users\gijs\.dotnet\tools;C:\Program Files\PostgreSQL\15\scripts;C:\Program Files (x86)\Nmap;C:\Users\gijs\AppData\Local\Programs\Python\Python312\Scripts;C:\Users\gijs\AppData\Local\Programs\Python\Python39;C:\Users\gijs\AppData\Roaming\pypoetry\venv\Scripts;
USERNAME=gijs
OS=Windows_NT
PROCESSOR_IDENTIFIER=Intel64 Family 6 Model 140 Stepping 1, GenuineIntel
TMP=C:\Users\gijs\AppData\Local\Temp
TEMP=C:\Users\gijs\AppData\Local\Temp



Periodic native trim disabled

JNI global refs:
JNI global refs: 16, weak refs: 0

JNI global refs memory usage: 843, weak refs: 209

OOME stack traces (most recent first):
Classloader memory used:
Loader bootstrap                                                                       : 1570K
Loader java.net.URLClassLoader                                                         : 203K
Loader jdk.internal.loader.ClassLoaders$AppClassLoader                                 : 71863B
Loader jdk.internal.loader.ClassLoaders$PlatformClassLoader                            : 14514B
Loader jdk.internal.reflect.DelegatingClassLoader                                      : 5509B


---------------  S Y S T E M  ---------------

OS:
 Windows 10 , 64 bit Build 19041 (10.0.19041.4717)
OS uptime: 0 days 4:26 hours
Hyper-V role detected

CPU: total 8 (initial active 8) (4 cores per cpu, 2 threads per core) family 6 model 140 stepping 1 microcode 0x8a, cx8, cmov, fxsr, ht, mmx, 3dnowpref, sse, sse2, sse3, ssse3, sse4.1, sse4.2, popcnt, lzcnt, tsc, tscinvbit, avx, avx2, aes, erms, clmul, bmi1, bmi2, adx, avx512f, avx512dq, avx512cd, avx512bw, avx512vl, sha, fma, vzeroupper, avx512_vpopcntdq, avx512_vpclmulqdq, avx512_vaes, avx512_vnni, clflush, clflushopt, clwb, avx512_vbmi2, avx512_vbmi, hv
Processor Information for all 8 processors :
  Max Mhz: 2419, Current Mhz: 2419, Mhz Limit: 2419

Memory: 4k page, system-wide physical 7834M (423M free)
TotalPageFile size 31386M (AvailPageFile size 6M)
current process WorkingSet (physical memory assigned to process): 95M, peak: 96M
current process commit charge ("private bytes"): 225M, peak: 227M

vm_info: OpenJDK 64-Bit Server VM (17.0.10+0--11609105) for windows-amd64 JRE (17.0.10+0--11609105), built on Mar 21 2024 19:10:56 by "androidbuild" with MS VC++ 16.10 / 16.11 (VS2019)

END.
